<?xml version="1.0" encoding="UTF-8"?>
<!-- Generated by org.testng.reporters.JUnitXMLReporter -->
<testsuite hostname="DESKTOP-3RGKQN7" ignored="0" name="Test" tests="9" failures="2" timestamp="04 Jan 2019 18:10:10 GMT" time="0.082" errors="0">
  <testcase name="testone" time="0.014" classname="chrome.multiskip">
    <skipped/>
  </testcase> <!-- testone -->
  <testcase name="testthree" time="0.005" classname="chrome.multiskip"/>
  <testcase name="testtwo" time="0.0" classname="chrome.multiskip">
    <skipped/>
  </testcase> <!-- testtwo -->
  <testcase name="testone" time="0.002" classname="chrome.multipass">
    <skipped/>
  </testcase> <!-- testone -->
  <testcase name="testthree" time="0.001" classname="chrome.multipass"/>
  <testcase name="testtwo" time="0.001" classname="chrome.multipass"/>
  <testcase name="Method1" time="0.004" classname="chrome.multifail">
    <failure type="java.lang.AssertionError" message="expected [Sharma] but found [Aman]">
      <![CDATA[java.lang.AssertionError: expected [Sharma] but found [Aman]
at chrome.multifail.Method1(multifail.java:14)
... Removed 31 stack frames]]>
    </failure>
  </testcase> <!-- Method1 -->
  <testcase name="Method2" time="0.002" classname="chrome.multifail">
    <failure type="java.lang.AssertionError" message="expected [Sharma] but found [Aman]">
      <![CDATA[java.lang.AssertionError: expected [Sharma] but found [Aman]
at chrome.multifail.Method2(multifail.java:21)
... Removed 31 stack frames]]>
    </failure>
  </testcase> <!-- Method2 -->
  <testcase name="testone" time="0.003" classname="chrome.multifail"/>
</testsuite> <!-- Test -->
